<?xml version="1.0" encoding="utf-8" standalone="no"?>
<!--This file represents the results of running a test suite-->
<test-results name="EventManagerTest" total="1" failures="0" not-run="0" date="2009-11-03" time="10:30:14">
  <environment nunit-version="6.0.5.0" clr-version="2.0.50727.4927" os-version="Microsoft Windows NT 6.1.7600.0" platform="Win32NT" cwd="s:\MetraTech\Events" machine-name="MAGICHAT9" user="kevinb" user-domain="METRATECH" />
  <culture-info current-culture="en-US" current-uiculture="en-US" />
  <test-suite name="EventManagerTest" success="True" time="19.074" asserts="0">
    <results>
      <test-case name="MetraTech.Events.Test.EventManagerTest.TestEvents" executed="True" success="True" time="1.290" asserts="0">
        <categories>
          <category name="TestEventManager" />
        </categories>
      </test-case>
    </results>
  </test-suite>
</test-results>